<?xml version="1.0" encoding="UTF-8"?>
<!-- Generated by org.testng.reporters.JUnitReportReporter -->
<testsuite skipped="0" hostname="LAPTOP-CJPTP9BC" name="com.finitebanking.testcases.LoginTest_001" tests="1" failures="0" timestamp="2022-07-04T17:08:07 IST" time="45.783" errors="0">
  <testcase name="loginTest" time="45.783" classname="com.finitebanking.testcases.LoginTest_001"/>
  <system-out/>
</testsuite> <!-- com.finitebanking.testcases.LoginTest_001 -->
