<?xml version="1.0" encoding="UTF-8"?>
<!-- Generated by org.testng.reporters.JUnitReportReporter -->
<testsuite skipped="0" hostname="LAPTOP-CJPTP9BC" name="com.finitebanking.testcases.TC_AddCustomerTest_003" tests="1" failures="0" timestamp="2022-07-04T17:08:07 IST" time="49.903" errors="0">
  <testcase name="addNewCustomer" time="49.903" classname="com.finitebanking.testcases.TC_AddCustomerTest_003"/>
  <system-out/>
</testsuite> <!-- com.finitebanking.testcases.TC_AddCustomerTest_003 -->
